{
  "stats": {
    "suites": 5,
    "tests": 8,
    "passes": 8,
    "pending": 0,
    "failures": 0,
    "start": "2023-06-28T13:54:51.845Z",
    "end": "2023-06-28T13:54:51.901Z",
    "duration": 56,
    "testsRegistered": 8,
    "passPercent": 100,
    "pendingPercent": 0,
    "other": 0,
    "hasOther": false,
    "skipped": 0,
    "hasSkipped": false
  },
  "results": [
    {
      "uuid": "fb1ae33f-26d8-41fd-9564-cf0a9d9bdbd4",
      "title": "",
      "fullFile": "",
      "file": "",
      "beforeHooks": [],
      "afterHooks": [],
      "tests": [],
      "suites": [
        {
          "uuid": "be7c0ba9-96cd-4a02-aa23-063fdeb1b455",
          "title": "Animal Model",
          "fullFile": "/Users/efrancis/Documents/AFL-Assessment/src/tests/unit-tests/animal.spec.ts",
          "file": "/src/tests/unit-tests/animal.spec.ts",
          "beforeHooks": [],
          "afterHooks": [],
          "tests": [],
          "suites": [
            {
              "uuid": "74d64ea3-1139-45f1-95fc-9673edcbac8f",
              "title": "Cat",
              "fullFile": "/Users/efrancis/Documents/AFL-Assessment/src/tests/unit-tests/animal.spec.ts",
              "file": "/src/tests/unit-tests/animal.spec.ts",
              "beforeHooks": [],
              "afterHooks": [],
              "tests": [
                {
                  "title": "should make Meow sound",
                  "fullTitle": "Animal Model Cat should make Meow sound",
                  "timedOut": false,
                  "duration": 7,
                  "state": "passed",
                  "speed": "fast",
                  "pass": true,
                  "fail": false,
                  "pending": false,
                  "context": null,
                  "code": "const cat = new cat_1.Cat();\nconst consoleLogStub = sinon_1.default.stub(console, \"log\");\ncat.sound();\nchai_1.assert.strictEqual(consoleLogStub.calledWith(\"A cat makes Meow sound\"), true);\nconsoleLogStub.restore();",
                  "err": {},
                  "uuid": "7bfd0b02-a41a-4cb1-8623-def707d4882b",
                  "parentUUID": "74d64ea3-1139-45f1-95fc-9673edcbac8f",
                  "isHook": false,
                  "skipped": false
                }
              ],
              "suites": [],
              "passes": [
                "7bfd0b02-a41a-4cb1-8623-def707d4882b"
              ],
              "failures": [],
              "pending": [],
              "skipped": [],
              "duration": 7,
              "root": false,
              "rootEmpty": false,
              "_timeout": 2000
            },
            {
              "uuid": "4165f812-0676-4190-aed7-1db08aeac8fe",
              "title": "Dog",
              "fullFile": "/Users/efrancis/Documents/AFL-Assessment/src/tests/unit-tests/animal.spec.ts",
              "file": "/src/tests/unit-tests/animal.spec.ts",
              "beforeHooks": [],
              "afterHooks": [],
              "tests": [
                {
                  "title": "should bark Woof",
                  "fullTitle": "Animal Model Dog should bark Woof",
                  "timedOut": false,
                  "duration": 1,
                  "state": "passed",
                  "speed": "fast",
                  "pass": true,
                  "fail": false,
                  "pending": false,
                  "context": null,
                  "code": "const dog = new dog_1.Dog();\nconst consoleLogStub = sinon_1.default.stub(console, \"log\");\ndog.sound();\nchai_1.assert.strictEqual(consoleLogStub.calledWith(\"A dog barks Woof! Woof!!\"), true);\nconsoleLogStub.restore();",
                  "err": {},
                  "uuid": "f5077fae-d30b-447b-b49b-3401262711b0",
                  "parentUUID": "4165f812-0676-4190-aed7-1db08aeac8fe",
                  "isHook": false,
                  "skipped": false
                }
              ],
              "suites": [],
              "passes": [
                "f5077fae-d30b-447b-b49b-3401262711b0"
              ],
              "failures": [],
              "pending": [],
              "skipped": [],
              "duration": 1,
              "root": false,
              "rootEmpty": false,
              "_timeout": 2000
            }
          ],
          "passes": [],
          "failures": [],
          "pending": [],
          "skipped": [],
          "duration": 0,
          "root": false,
          "rootEmpty": false,
          "_timeout": 2000
        },
        {
          "uuid": "7e5a7b0f-197b-4478-a206-6c75f6463be1",
          "title": "Calculations",
          "fullFile": "/Users/efrancis/Documents/AFL-Assessment/src/tests/unit-tests/number-utils.spec.ts",
          "file": "/src/tests/unit-tests/number-utils.spec.ts",
          "beforeHooks": [],
          "afterHooks": [],
          "tests": [
            {
              "title": "should calculate the power of a number",
              "fullTitle": "Calculations should calculate the power of a number",
              "timedOut": false,
              "duration": 0,
              "state": "passed",
              "speed": "fast",
              "pass": true,
              "fail": false,
              "pending": false,
              "context": null,
              "code": "chai_1.assert.equal((0, number_utils_1.calculatePower)(2, 3), 8);\nchai_1.assert.equal((0, number_utils_1.calculatePower)(5, 0), 1);",
              "err": {},
              "uuid": "f3a3a3f3-c76b-4287-83e4-9c370977bbe7",
              "parentUUID": "7e5a7b0f-197b-4478-a206-6c75f6463be1",
              "isHook": false,
              "skipped": false
            },
            {
              "title": "should calculate the simple interest",
              "fullTitle": "Calculations should calculate the simple interest",
              "timedOut": false,
              "duration": 0,
              "state": "passed",
              "speed": "fast",
              "pass": true,
              "fail": false,
              "pending": false,
              "context": null,
              "code": "chai_1.assert.equal((0, number_utils_1.calculateSimpleInterest)(1000, 5, 2), 100);\nchai_1.assert.equal((0, number_utils_1.calculateSimpleInterest)(5000, 10, 3), 1500);",
              "err": {},
              "uuid": "a7a09f04-5e6d-4251-b84f-72182d9ff450",
              "parentUUID": "7e5a7b0f-197b-4478-a206-6c75f6463be1",
              "isHook": false,
              "skipped": false
            }
          ],
          "suites": [],
          "passes": [
            "f3a3a3f3-c76b-4287-83e4-9c370977bbe7",
            "a7a09f04-5e6d-4251-b84f-72182d9ff450"
          ],
          "failures": [],
          "pending": [],
          "skipped": [],
          "duration": 0,
          "root": false,
          "rootEmpty": false,
          "_timeout": 2000
        },
        {
          "uuid": "04fb475b-1972-48a5-b53d-77c6237feda4",
          "title": "String Manipulations",
          "fullFile": "/Users/efrancis/Documents/AFL-Assessment/src/tests/unit-tests/string-utils.spec.ts",
          "file": "/src/tests/unit-tests/string-utils.spec.ts",
          "beforeHooks": [],
          "afterHooks": [],
          "tests": [
            {
              "title": "should return true if the word is a palindrome",
              "fullTitle": "String Manipulations should return true if the word is a palindrome",
              "timedOut": false,
              "duration": 0,
              "state": "passed",
              "speed": "fast",
              "pass": true,
              "fail": false,
              "pending": false,
              "context": null,
              "code": "const word = \"racecar\";\nconst result = (0, string_utils_1.isPalindrome)(word);\nchai_1.assert.isTrue(result, `${word} should be a palindrome`);",
              "err": {},
              "uuid": "381c0b4d-8ca1-4896-9bfe-e69ce3317c30",
              "parentUUID": "04fb475b-1972-48a5-b53d-77c6237feda4",
              "isHook": false,
              "skipped": false
            },
            {
              "title": "should return false if the word is not a palindrome",
              "fullTitle": "String Manipulations should return false if the word is not a palindrome",
              "timedOut": false,
              "duration": 0,
              "state": "passed",
              "speed": "fast",
              "pass": true,
              "fail": false,
              "pending": false,
              "context": null,
              "code": "const word = \"hello\";\nconst result = (0, string_utils_1.isPalindrome)(word);\nchai_1.assert.isFalse(result, `${word} should not be a palindrome`);",
              "err": {},
              "uuid": "9aace188-83c5-48ee-83a1-0720f621e60c",
              "parentUUID": "04fb475b-1972-48a5-b53d-77c6237feda4",
              "isHook": false,
              "skipped": false
            },
            {
              "title": "should convert the string to uppercase",
              "fullTitle": "String Manipulations should convert the string to uppercase",
              "timedOut": false,
              "duration": 0,
              "state": "passed",
              "speed": "fast",
              "pass": true,
              "fail": false,
              "pending": false,
              "context": null,
              "code": "const input = \"changing the world!\";\nconst expectedOutput = \"CHANGING THE WORLD!\";\nconst result = (0, string_utils_1.convertStringToUpperCase)(input);\n(0, chai_1.expect)(result).to.equal(expectedOutput);",
              "err": {},
              "uuid": "26382c53-cc55-4104-86e3-4edfc318a65a",
              "parentUUID": "04fb475b-1972-48a5-b53d-77c6237feda4",
              "isHook": false,
              "skipped": false
            },
            {
              "title": "should convert the string to sentence case",
              "fullTitle": "String Manipulations should convert the string to sentence case",
              "timedOut": false,
              "duration": 0,
              "state": "passed",
              "speed": "fast",
              "pass": true,
              "fail": false,
              "pending": false,
              "context": null,
              "code": "const input = \"cHaNgInG tHe WoRlD!\";\nconst expectedOutput = \"Changing the world!\";\nconst result = (0, string_utils_1.convertStringToSentenceCase)(input);\n(0, chai_1.expect)(result).to.equal(expectedOutput);",
              "err": {},
              "uuid": "4749f92e-699a-4944-8489-b964b01297ca",
              "parentUUID": "04fb475b-1972-48a5-b53d-77c6237feda4",
              "isHook": false,
              "skipped": false
            }
          ],
          "suites": [],
          "passes": [
            "381c0b4d-8ca1-4896-9bfe-e69ce3317c30",
            "9aace188-83c5-48ee-83a1-0720f621e60c",
            "26382c53-cc55-4104-86e3-4edfc318a65a",
            "4749f92e-699a-4944-8489-b964b01297ca"
          ],
          "failures": [],
          "pending": [],
          "skipped": [],
          "duration": 0,
          "root": false,
          "rootEmpty": false,
          "_timeout": 2000
        }
      ],
      "passes": [],
      "failures": [],
      "pending": [],
      "skipped": [],
      "duration": 0,
      "root": true,
      "rootEmpty": true,
      "_timeout": 2000
    }
  ],
  "meta": {
    "mocha": {
      "version": "10.2.0"
    },
    "mochawesome": {
      "options": {
        "quiet": false,
        "reportFilename": "mochawesome",
        "saveHtml": true,
        "saveJson": true,
        "consoleReporter": "spec",
        "useInlineDiffs": false,
        "code": true
      },
      "version": "7.1.3"
    },
    "marge": {
      "options": null,
      "version": "6.2.0"
    }
  }
}